<conduit>
  <defaults>
    <rootdir>/tmp/datapurger</rootdir>
    <retentioninhours>48</retentioninhours>
    <trashretentioninhours>24</trashretentioninhours>
  </defaults>

  <!-- A stream can have only one primary and multiple mirrors as destinations
    -->
  <streams>
    <stream name="test1">
      <sources>
        <source>
          <name>testcluster1</name>
        </source>
        <source>
          <name>testcluster2</name>
          <retentioninhours>46</retentioninhours>
        </source>
        <source>
          <name>testcluster3</name>
          <retentioninhours>50</retentioninhours>
        </source>
      </sources>
    </stream>
  </streams>

  <clusters>
    <cluster name="testcluster1" hdfsurl="file:///"
             jturl="local"
             jobqueuename="default"
             >
    </cluster>
    <cluster name="testcluster2" hdfsurl="file:///"
             jturl="local"
             jobqueuename="default"
             >
    </cluster>
    <cluster name="testcluster3" hdfsurl="file:///"
             jturl="local"
             jobqueuename="default"
             >
    </cluster>
  </clusters>
</conduit>
