<conduit>
  <defaults>
    <rootdir>/merge_mirrorservice</rootdir>
    <retentioninhours>24</retentioninhours>
    <trashretentioninhours>48</trashretentioninhours>
  </defaults>

  <!-- A stream can have only one primary and multiple mirrors as destinations
    -->
  <streams>
    <stream name="test1">
      <sources>
        <source>
          <name>testcluster1</name>
          <retentioninhours>24</retentioninhours>
        </source>
        <source>
          <name>testcluster2</name>
          <retentioninhours>24</retentioninhours>
        </source>
      </sources>
      <destinations>
        <destination>
	  <primary>true</primary>
          <name>testcluster1</name>
          <retentioninhours>24</retentioninhours>
        </destination>
        <destination>
          <name>testcluster2</name>
          <retentioninhours>24</retentioninhours>
        </destination>
        <destination>
          <name>testcluster3</name>
          <retentioninhours>48</retentioninhours>
        </destination>
      </destinations>
    </stream>
  </streams>

  <clusters>
    <cluster name="testcluster1" hdfsurl="file:///tmp/mergeservicetest/testcluster1"
             jturl="local"
             jobqueuename="default"
             >
    </cluster>
    <cluster name="testcluster2" hdfsurl="file:////tmp/mergeservicetest/testcluster2"
             jturl="local"
             jobqueuename="default"
             >
    </cluster>
    <cluster name="testcluster3" hdfsurl="file:////tmp/mergeservicetest/testcluster3"
             jturl="local"
             jobqueuename="default"
             >
    </cluster>
  </clusters>
</conduit>
